<?xml version="1.0" encoding="UTF-8"?>
<testsuite xmlns:xsi="http://www.w3.org/2001/XMLSchema-instance" xsi:noNamespaceSchemaLocation="https://maven.apache.org/surefire/maven-surefire-plugin/xsd/surefire-test-report.xsd" name="com.cloud.server.StatsCollectorTest" time="1.626" tests="1" errors="0" skipped="0" failures="1">
  <properties>
[...]
</properties>
  <testcase name="persistVirtualMachineStatsTestPersistsSuccessfully" classname="com.cloud.server.StatsCollectorTest" time="1.623">
    <failure message="expected:&lt;{&quot;[vmId&quot;:2,&quot;cpuUtilization&quot;:6.0,&quot;networkReadKBs&quot;:7.0,&quot;networkWriteKBs&quot;:8.0,&quot;diskReadIOs&quot;:12.0,&quot;diskWriteIOs&quot;:13.0,&quot;diskReadKBs&quot;:10.0,&quot;diskWriteKBs&quot;:11.0,&quot;memoryKBs&quot;:3.0,&quot;intFreeMemoryKBs&quot;:4.0,&quot;targetMemoryKBs&quot;:5.0,&quot;numCPUs&quot;:9,&quot;entityType&quot;:&quot;vm&quot;]}&gt; but was:&lt;{&quot;[memoryKBs&quot;:3.0,&quot;networkWriteKBs&quot;:8.0,&quot;diskReadKBs&quot;:10.0,&quot;cpuUtilization&quot;:6.0,&quot;diskWriteKBs&quot;:11.0,&quot;intFreeMemoryKBs&quot;:4.0,&quot;networkReadKBs&quot;:7.0,&quot;vmId&quot;:2,&quot;entityType&quot;:&quot;vm&quot;,&quot;numCPUs&quot;:9,&quot;diskWriteIOs&quot;:13.0,&quot;diskReadIOs&quot;:12.0,&quot;targetMemoryKBs&quot;:5.0]}&gt;" type="org.junit.ComparisonFailure"><![CDATA[org.junit.ComparisonFailure: expected:<{"[vmId":2,"cpuUtilization":6.0,"networkReadKBs":7.0,"networkWriteKBs":8.0,"diskReadIOs":12.0,"diskWriteIOs":13.0,"diskReadKBs":10.0,"diskWriteKBs":11.0,"memoryKBs":3.0,"intFreeMemoryKBs":4.0,"targetMemoryKBs":5.0,"numCPUs":9,"entityType":"vm"]}> but was:<{"[memoryKBs":3.0,"networkWriteKBs":8.0,"diskReadKBs":10.0,"cpuUtilization":6.0,"diskWriteKBs":11.0,"intFreeMemoryKBs":4.0,"networkReadKBs":7.0,"vmId":2,"entityType":"vm","numCPUs":9,"diskWriteIOs":13.0,"diskReadIOs":12.0,"targetMemoryKBs":5.0]}>
	at com.cloud.server.StatsCollectorTest.persistVirtualMachineStatsTestPersistsSuccessfully(StatsCollectorTest.java:303)
]]></failure>
  </testcase>
</testsuite>